[0m21:37:24.776629 [debug] [MainThread]: Sending event: {'category': 'dbt', 'action': 'invocation', 'label': 'start', 'context': [<snowplow_tracker.self_describing_json.SelfDescribingJson object at 0x00000255E2BACE00>, <snowplow_tracker.self_describing_json.SelfDescribingJson object at 0x00000255E6675580>, <snowplow_tracker.self_describing_json.SelfDescribingJson object at 0x00000255E67029C0>]}


============================== 21:37:24.792917 | 65291699-02c9-4319-a6f9-666d8b24e17c ==============================
[0m21:37:24.792917 [info ] [MainThread]: Running with dbt=1.10.22
[0m21:37:24.795917 [debug] [MainThread]: running dbt with arguments {'static_parser': 'True', 'no_print': 'None', 'version_check': 'True', 'target_path': 'None', 'warn_error_options': 'WarnErrorOptionsV2(error=[], warn=[], silence=[])', 'printer_width': '80', 'write_json': 'True', 'introspect': 'True', 'log_cache_events': 'False', 'empty': 'None', 'cache_selected_only': 'False', 'log_format': 'default', 'debug': 'False', 'fail_fast': 'False', 'profiles_dir': 'C:\\Users\\Aleksei\\.dbt', 'send_anonymous_usage_stats': 'True', 'quiet': 'False', 'warn_error': 'None', 'partial_parse': 'True', 'use_colors': 'True', 'indirect_selection': 'eager', 'invocation_command': 'dbt init sales_dbt', 'use_experimental_parser': 'False', 'log_path': 'logs'}
[0m21:37:24.844495 [info ] [MainThread]: Creating dbt configuration folder at C:\Users\Aleksei\.dbt
[0m21:37:24.852026 [info ] [MainThread]: A project called sales_dbt already exists here.
[0m21:37:24.858234 [debug] [MainThread]: Command `dbt init` succeeded at 21:37:24.858083 after 0.56 seconds
[0m21:37:24.859235 [debug] [MainThread]: Sending event: {'category': 'dbt', 'action': 'invocation', 'label': 'end', 'context': [<snowplow_tracker.self_describing_json.SelfDescribingJson object at 0x00000255E6A402C0>, <snowplow_tracker.self_describing_json.SelfDescribingJson object at 0x00000255E6B8E000>, <snowplow_tracker.self_describing_json.SelfDescribingJson object at 0x00000255E6B8F2C0>]}
[0m21:37:24.861234 [debug] [MainThread]: Flushing usage events
[0m21:37:26.801703 [debug] [MainThread]: An error was encountered while trying to flush usage events
[0m22:25:42.975028 [debug] [MainThread]: Sending event: {'category': 'dbt', 'action': 'invocation', 'label': 'start', 'context': [<snowplow_tracker.self_describing_json.SelfDescribingJson object at 0x000002BD6BDFC8F0>, <snowplow_tracker.self_describing_json.SelfDescribingJson object at 0x000002BD68357170>, <snowplow_tracker.self_describing_json.SelfDescribingJson object at 0x000002BD6A9E8920>]}


============================== 22:25:42.983253 | 9dacb7ad-49d8-4274-8425-3e338f8253d4 ==============================
[0m22:25:42.983253 [info ] [MainThread]: Running with dbt=1.10.22
[0m22:25:42.986481 [debug] [MainThread]: running dbt with arguments {'version_check': 'True', 'no_print': 'None', 'static_parser': 'True', 'warn_error_options': 'WarnErrorOptionsV2(error=[], warn=[], silence=[])', 'target_path': 'None', 'printer_width': '80', 'write_json': 'True', 'introspect': 'True', 'log_cache_events': 'False', 'empty': 'False', 'cache_selected_only': 'False', 'log_format': 'default', 'debug': 'False', 'fail_fast': 'False', 'profiles_dir': 'C:\\Users\\Aleksei\\.dbt', 'send_anonymous_usage_stats': 'True', 'quiet': 'False', 'warn_error': 'None', 'partial_parse': 'True', 'indirect_selection': 'eager', 'use_colors': 'True', 'invocation_command': 'dbt run', 'use_experimental_parser': 'False', 'log_path': 'logs'}
[0m22:25:42.987486 [error] [MainThread]: Encountered an error:
Runtime Error
  No dbt_project.yml found at expected path C:\Users\Aleksei\Desktop\Portfolio\1. ETL\sales-etl-pipeline\dbt_project.yml
  Verify that each entry within packages.yml (and their transitive dependencies) contains a file named dbt_project.yml
  
[0m22:25:42.994477 [debug] [MainThread]: Command `dbt run` failed at 22:25:42.993478 after 0.48 seconds
[0m22:25:42.995478 [debug] [MainThread]: Sending event: {'category': 'dbt', 'action': 'invocation', 'label': 'end', 'context': [<snowplow_tracker.self_describing_json.SelfDescribingJson object at 0x000002BD6AB472F0>, <snowplow_tracker.self_describing_json.SelfDescribingJson object at 0x000002BD6A70CE60>, <snowplow_tracker.self_describing_json.SelfDescribingJson object at 0x000002BD6A70DC70>]}
[0m22:25:42.996714 [debug] [MainThread]: Flushing usage events
[0m22:25:44.578275 [debug] [MainThread]: An error was encountered while trying to flush usage events
